#
# There is insufficient memory for the Java Runtime Environment to continue.
# Native memory allocation (malloc) failed to allocate 32744 bytes for ChunkPool::allocate
# Possible reasons:
#   The system is out of physical RAM or swap space
#   The process is running with CompressedOops enabled, and the Java Heap may be blocking the growth of the native heap
# Possible solutions:
#   Reduce memory load on the system
#   Increase physical memory or swap space
#   Check if swap backing store is full
#   Decrease Java heap size (-Xmx/-Xms)
#   Decrease number of Java threads
#   Decrease Java thread stack sizes (-Xss)
#   Set larger code cache with -XX:ReservedCodeCacheSize=
#   JVM is running with Unscaled Compressed Oops mode in which the Java heap is
#     placed in the first 4GB address space. The Java Heap base address is the
#     maximum limit for the native heap growth. Please use -XX:HeapBaseMinAddress
#     to set the Java Heap base and to place the Java Heap above 4GB virtual address.
# This output file may be truncated or incomplete.
#
#  Out of Memory Error (arena.cpp:78), pid=6472, tid=6252
#
# JRE version: OpenJDK Runtime Environment Temurin-17.0.4+8 (17.0.4+8) (build 17.0.4+8)
# Java VM: OpenJDK 64-Bit Server VM Temurin-17.0.4+8 (17.0.4+8, mixed mode, emulated-client, tiered, compressed oops, compressed class ptrs, g1 gc, windows-amd64)
# No core dump will be written. Minidumps are not enabled by default on client versions of Windows
#

---------------  S U M M A R Y ------------

Command Line: -Dcom.sun.management.jmxremote -Dcom.sun.management.jmxremote.port=57528 -Dcom.sun.management.jmxremote.authenticate=false -Dcom.sun.management.jmxremote.ssl=false -Djava.rmi.server.hostname=localhost -Dspring.jmx.enabled=true -Dspring.application.admin.enabled=true -XX:TieredStopAtLevel=1 -Dspring.boot.project.name=kafka-publisher -Dfile.encoding=UTF-8 -XX:+ShowCodeDetailsInExceptionMessages com.publish.KafkaPublisherApplication --spring.output.ansi.enabled=always

Host: Intel(R) Xeon(R) Platinum 8272CL CPU @ 2.60GHz, 2 cores, 7G,  Windows 10 , 64 bit Build 19041 (10.0.19041.1889)
Time: Fri Sep 30 04:37:25 2022 Coordinated Universal Time elapsed time: 0.346706 seconds (0d 0h 0m 0s)

---------------  T H R E A D  ---------------

Current thread (0x000001e4613b53b0):  JavaThread "C1 CompilerThread0" daemon [_thread_in_native, id=6252, stack(0x0000001c9b300000,0x0000001c9b400000)]


Current CompileTask:
C1:    346  231       1      
[error occurred during error reporting (printing current compile task), id 0xe0000001, Out of Memory Error (s\src\hotspot\share\memory\arena.cpp:78)]

Stack: [0x0000001c9b300000,0x0000001c9b400000]
Native frames: (J=compiled Java code, j=interpreted, Vv=VM code, C=native code)
V  [jvm.dll+0x67733a]
V  [jvm.dll+0x8323c4]
V  [jvm.dll+0x833b6e]
V  [jvm.dll+0x8341d3]
V  [jvm.dll+0x2455e5]
V  [jvm.dll+0xabfc0]
V  [jvm.dll+0xac30c]
V  [jvm.dll+0x79fa8c]
V  [jvm.dll+0x79fb79]
V  [jvm.dll+0x62b079]
V  [jvm.dll+0x22bc96]
V  [jvm.dll+0x22c217]
V  [jvm.dll+0x83225a]
V  [jvm.dll+0x833b6e]
V  [jvm.dll+0x8341d3]
V  [jvm.dll+0x2455e5]
V  [jvm.dll+0xabfc0]
V  [jvm.dll+0xac30c]
V  [jvm.dll+0x1752b5]
V  [jvm.dll+0x1754f6]
V  [jvm.dll+0x17544e]
V  [jvm.dll+0x1769f6]
V  [jvm.dll+0x17a7ef]
V  [jvm.dll+0x134943]
V  [jvm.dll+0x13423f]
V  [jvm.dll+0x134476]
V  [jvm.dll+0x13390a]
V  [jvm.dll+0x1355d1]
V  [jvm.dll+0x227308]
V  [jvm.dll+0x225455]
V  [jvm.dll+0x7e7eeb]
V  [jvm.dll+0x7e245a]
V  [jvm.dll+0x6761c5]
C  [ucrtbase.dll+0x21bb2]
C  [KERNEL32.DLL+0x17034]
C  [ntdll.dll+0x526a1]


---------------  P R O C E S S  ---------------

Threads class SMR info:
_java_thread_list=0x000001e461eb98c0, length=12, elements={
0x000001e4541d4bc0, 0x000001e461357a40, 0x000001e461358a00, 0x000001e461370530,
0x000001e4613b1010, 0x000001e4613b34f0, 0x000001e4613b3db0, 0x000001e4613b53b0,
0x000001e461d14410, 0x000001e461d3af60, 0x000001e461df65f0, 0x000001e461ed8800
}

Java Threads: ( => current thread )
  0x000001e4541d4bc0 JavaThread "main" [_thread_in_Java, id=11648, stack(0x0000001c9a600000,0x0000001c9a700000)]
  0x000001e461357a40 JavaThread "Reference Handler" daemon [_thread_blocked, id=13044, stack(0x0000001c9ad00000,0x0000001c9ae00000)]
  0x000001e461358a00 JavaThread "Finalizer" daemon [_thread_blocked, id=2672, stack(0x0000001c9ae00000,0x0000001c9af00000)]
  0x000001e461370530 JavaThread "Signal Dispatcher" daemon [_thread_blocked, id=5840, stack(0x0000001c9af00000,0x0000001c9b000000)]
  0x000001e4613b1010 JavaThread "Attach Listener" daemon [_thread_blocked, id=12852, stack(0x0000001c9b000000,0x0000001c9b100000)]
  0x000001e4613b34f0 JavaThread "Service Thread" daemon [_thread_blocked, id=11468, stack(0x0000001c9b100000,0x0000001c9b200000)]
  0x000001e4613b3db0 JavaThread "Monitor Deflation Thread" daemon [_thread_blocked, id=10964, stack(0x0000001c9b200000,0x0000001c9b300000)]
=>0x000001e4613b53b0 JavaThread "C1 CompilerThread0" daemon [_thread_in_native, id=6252, stack(0x0000001c9b300000,0x0000001c9b400000)]
  0x000001e461d14410 JavaThread "Sweeper thread" daemon [_thread_blocked, id=10292, stack(0x0000001c9b400000,0x0000001c9b500000)]
  0x000001e461d3af60 JavaThread "Common-Cleaner" daemon [_thread_blocked, id=13408, stack(0x0000001c9b500000,0x0000001c9b600000)]
  0x000001e461df65f0 JavaThread "C1 CompilerThread1" daemon [_thread_in_native, id=13720, stack(0x0000001c9b600000,0x0000001c9b700000)]
  0x000001e461ed8800 JavaThread "Notification Thread" daemon [_thread_blocked, id=7576, stack(0x0000001c9b700000,0x0000001c9b800000)]

Other Threads:
  0x000001e461315770 VMThread "VM Thread" [stack: 0x0000001c9ac00000,0x0000001c9ad00000] [id=12904]
  0x000001e454233820 GCTaskThread "GC Thread#0" [stack: 0x0000001c9a700000,0x0000001c9a800000] [id=7816]
  0x000001e454244670 ConcurrentGCThread "G1 Main Marker" [stack: 0x0000001c9a800000,0x0000001c9a900000] [id=6760]
  0x000001e454245870 ConcurrentGCThread "G1 Conc#0" [stack: 0x0000001c9a900000,0x0000001c9aa00000] [id=13620]
  0x000001e4611d0090 ConcurrentGCThread "G1 Refine#0" [stack: 0x0000001c9aa00000,0x0000001c9ab00000] [id=7500]
  0x000001e4611d09c0 ConcurrentGCThread "G1 Service" [stack: 0x0000001c9ab00000,0x0000001c9ac00000] [id=5264]

Threads with active compile tasks:
C1 CompilerThread0      385  231       1       java.io.WinNTFileSystem::normalize (143 bytes)
C1 CompilerThread1      385  229       1       java.lang.String::<init> (830 bytes)

VM state: not at safepoint (normal execution)

VM Mutex/Monitor currently owned by a thread: None

Heap address: 0x0000000080000000, size: 2048 MB, Compressed Oops mode: 32-bit

CDS archive(s) not mapped
Compressed class space mapped at: 0x0000000100000000-0x0000000140000000, reserved size: 1073741824
Narrow klass base: 0x0000000000000000, Narrow klass shift: 3, Narrow klass range: 0x140000000

GC Precious Log:
 CPUs: 2 total, 2 available
 Memory: 8190M
 Large Page Support: Disabled
 NUMA Support: Disabled
 Compressed Oops: Enabled (32-bit)
 Heap Region Size: 1M
 Heap Min Capacity: 8M
 Heap Initial Capacity: 128M
 Heap Max Capacity: 2G
 Pre-touch: Disabled
 Parallel Workers: 2
 Concurrent Workers: 1
 Concurrent Refinement Workers: 2
 Periodic GC: Disabled

Heap:
 garbage-first heap   total 131072K, used 2048K [0x0000000080000000, 0x0000000100000000)
  region size 1024K, 4 young (4096K), 0 survivors (0K)
 Metaspace       used 6274K, committed 6400K, reserved 1056768K
  class space    used 536K, committed 576K, reserved 1048576K

Heap Regions: E=young(eden), S=young(survivor), O=old, HS=humongous(starts), HC=humongous(continues), CS=collection set, F=free, OA=open archive, CA=closed archive, TAMS=top-at-mark-start (previous, next)
|   0|0x0000000080000000, 0x0000000080000000, 0x0000000080100000|  0%| F|  |TAMS 0x0000000080000000, 0x0000000080000000| Untracked 
|   1|0x0000000080100000, 0x0000000080100000, 0x0000000080200000|  0%| F|  |TAMS 0x0000000080100000, 0x0000000080100000| Untracked 
|   2|0x0000000080200000, 0x0000000080200000, 0x0000000080300000|  0%| F|  |TAMS 0x0000000080200000, 0x0000000080200000| Untracked 
|   3|0x0000000080300000, 0x0000000080300000, 0x0000000080400000|  0%| F|  |TAMS 0x0000000080300000, 0x0000000080300000| Untracked 
|   4|0x0000000080400000, 0x0000000080400000, 0x0000000080500000|  0%| F|  |TAMS 0x0000000080400000, 0x0000000080400000| Untracked 
|   5|0x0000000080500000, 0x0000000080500000, 0x0000000080600000|  0%| F|  |TAMS 0x0000000080500000, 0x0000000080500000| Untracked 
|   6|0x0000000080600000, 0x0000000080600000, 0x0000000080700000|  0%| F|  |TAMS 0x0000000080600000, 0x0000000080600000| Untracked 
|   7|0x0000000080700000, 0x0000000080700000, 0x0000000080800000|  0%| F|  |TAMS 0x0000000080700000, 0x0000000080700000| Untracked 
|   8|0x0000000080800000, 0x0000000080800000, 0x0000000080900000|  0%| F|  |TAMS 0x0000000080800000, 0x0000000080800000| Untracked 
|   9|0x0000000080900000, 0x0000000080900000, 0x0000000080a00000|  0%| F|  |TAMS 0x0000000080900000, 0x0000000080900000| Untracked 
|  10|0x0000000080a00000, 0x0000000080a00000, 0x0000000080b00000|  0%| F|  |TAMS 0x0000000080a00000, 0x0000000080a00000| Untracked 
|  11|0x0000000080b00000, 0x0000000080b00000, 0x0000000080c00000|  0%| F|  |TAMS 0x0000000080b00000, 0x0000000080b00000| Untracked 
|  12|0x0000000080c00000, 0x0000000080c00000, 0x0000000080d00000|  0%| F|  |TAMS 0x0000000080c00000, 0x0000000080c00000| Untracked 
|  13|0x0000000080d00000, 0x0000000080d00000, 0x0000000080e00000|  0%| F|  |TAMS 0x0000000080d00000, 0x0000000080d00000| Untracked 
|  14|0x0000000080e00000, 0x0000000080e00000, 0x0000000080f00000|  0%| F|  |TAMS 0x0000000080e00000, 0x0000000080e00000| Untracked 
|  15|0x0000000080f00000, 0x0000000080f00000, 0x0000000081000000|  0%| F|  |TAMS 0x0000000080f00000, 0x0000000080f00000| Untracked 
|  16|0x0000000081000000, 0x0000000081000000, 0x0000000081100000|  0%| F|  |TAMS 0x0000000081000000, 0x0000000081000000| Untracked 
|  17|0x0000000081100000, 0x0000000081100000, 0x0000000081200000|  0%| F|  |TAMS 0x0000000081100000, 0x0000000081100000| Untracked 
|  18|0x0000000081200000, 0x0000000081200000, 0x0000000081300000|  0%| F|  |TAMS 0x0000000081200000, 0x0000000081200000| Untracked 
|  19|0x0000000081300000, 0x0000000081300000, 0x0000000081400000|  0%| F|  |TAMS 0x0000000081300000, 0x0000000081300000| Untracked 
|  20|0x0000000081400000, 0x0000000081400000, 0x0000000081500000|  0%| F|  |TAMS 0x0000000081400000, 0x0000000081400000| Untracked 
|  21|0x0000000081500000, 0x0000000081500000, 0x0000000081600000|  0%| F|  |TAMS 0x0000000081500000, 0x0000000081500000| Untracked 
|  22|0x0000000081600000, 0x0000000081600000, 0x0000000081700000|  0%| F|  |TAMS 0x0000000081600000, 0x0000000081600000| Untracked 
|  23|0x0000000081700000, 0x0000000081700000, 0x0000000081800000|  0%| F|  |TAMS 0x0000000081700000, 0x0000000081700000| Untracked 
|  24|0x0000000081800000, 0x0000000081800000, 0x0000000081900000|  0%| F|  |TAMS 0x0000000081800000, 0x0000000081800000| Untracked 
|  25|0x0000000081900000, 0x0000000081900000, 0x0000000081a00000|  0%| F|  |TAMS 0x0000000081900000, 0x0000000081900000| Untracked 
|  26|0x0000000081a00000, 0x0000000081a00000, 0x0000000081b00000|  0%| F|  |TAMS 0x0000000081a00000, 0x0000000081a00000| Untracked 
|  27|0x0000000081b00000, 0x0000000081b00000, 0x0000000081c00000|  0%| F|  |TAMS 0x0000000081b00000, 0x0000000081b00000| Untracked 
|  28|0x0000000081c00000, 0x0000000081c00000, 0x0000000081d00000|  0%| F|  |TAMS 0x0000000081c00000, 0x0000000081c00000| Untracked 
|  29|0x0000000081d00000, 0x0000000081d00000, 0x0000000081e00000|  0%| F|  |TAMS 0x0000000081d00000, 0x0000000081d00000| Untracked 
|  30|0x0000000081e00000, 0x0000000081e00000, 0x0000000081f00000|  0%| F|  |TAMS 0x0000000081e00000, 0x0000000081e00000| Untracked 
|  31|0x0000000081f00000, 0x0000000081f00000, 0x0000000082000000|  0%| F|  |TAMS 0x0000000081f00000, 0x0000000081f00000| Untracked 
|  32|0x0000000082000000, 0x0000000082000000, 0x0000000082100000|  0%| F|  |TAMS 0x0000000082000000, 0x0000000082000000| Untracked 
|  33|0x0000000082100000, 0x0000000082100000, 0x0000000082200000|  0%| F|  |TAMS 0x0000000082100000, 0x0000000082100000| Untracked 
|  34|0x0000000082200000, 0x0000000082200000, 0x0000000082300000|  0%| F|  |TAMS 0x0000000082200000, 0x0000000082200000| Untracked 
|  35|0x0000000082300000, 0x0000000082300000, 0x0000000082400000|  0%| F|  |TAMS 0x0000000082300000, 0x0000000082300000| Untracked 
|  36|0x0000000082400000, 0x0000000082400000, 0x0000000082500000|  0%| F|  |TAMS 0x0000000082400000, 0x0000000082400000| Untracked 
|  37|0x0000000082500000, 0x0000000082500000, 0x0000000082600000|  0%| F|  |TAMS 0x0000000082500000, 0x0000000082500000| Untracked 
|  38|0x0000000082600000, 0x0000000082600000, 0x0000000082700000|  0%| F|  |TAMS 0x0000000082600000, 0x0000000082600000| Untracked 
|  39|0x0000000082700000, 0x0000000082700000, 0x0000000082800000|  0%| F|  |TAMS 0x0000000082700000, 0x0000000082700000| Untracked 
|  40|0x0000000082800000, 0x0000000082800000, 0x0000000082900000|  0%| F|  |TAMS 0x0000000082800000, 0x0000000082800000| Untracked 
|  41|0x0000000082900000, 0x0000000082900000, 0x0000000082a00000|  0%| F|  |TAMS 0x0000000082900000, 0x0000000082900000| Untracked 
|  42|0x0000000082a00000, 0x0000000082a00000, 0x0000000082b00000|  0%| F|  |TAMS 0x0000000082a00000, 0x0000000082a00000| Untracked 
|  43|0x0000000082b00000, 0x0000000082b00000, 0x0000000082c00000|  0%| F|  |TAMS 0x0000000082b00000, 0x0000000082b00000| Untracked 
|  44|0x0000000082c00000, 0x0000000082c00000, 0x0000000082d00000|  0%| F|  |TAMS 0x0000000082c00000, 0x0000000082c00000| Untracked 
|  45|0x0000000082d00000, 0x0000000082d00000, 0x0000000082e00000|  0%| F|  |TAMS 0x0000000082d00000, 0x0000000082d00000| Untracked 
|  46|0x0000000082e00000, 0x0000000082e00000, 0x0000000082f00000|  0%| F|  |TAMS 0x0000000082e00000, 0x0000000082e00000| Untracked 
|  47|0x0000000082f00000, 0x0000000082f00000, 0x0000000083000000|  0%| F|  |TAMS 0x0000000082f00000, 0x0000000082f00000| Untracked 
|  48|0x0000000083000000, 0x0000000083000000, 0x0000000083100000|  0%| F|  |TAMS 0x0000000083000000, 0x0000000083000000| Untracked 
|  49|0x0000000083100000, 0x0000000083100000, 0x0000000083200000|  0%| F|  |TAMS 0x0000000083100000, 0x0000000083100000| Untracked 
|  50|0x0000000083200000, 0x0000000083200000, 0x0000000083300000|  0%| F|  |TAMS 0x0000000083200000, 0x0000000083200000| Untracked 
|  51|0x0000000083300000, 0x0000000083300000, 0x0000000083400000|  0%| F|  |TAMS 0x0000000083300000, 0x0000000083300000| Untracked 
|  52|0x0000000083400000, 0x0000000083400000, 0x0000000083500000|  0%| F|  |TAMS 0x0000000083400000, 0x0000000083400000| Untracked 
|  53|0x0000000083500000, 0x0000000083500000, 0x0000000083600000|  0%| F|  |TAMS 0x0000000083500000, 0x0000000083500000| Untracked 
|  54|0x0000000083600000, 0x0000000083600000, 0x0000000083700000|  0%| F|  |TAMS 0x0000000083600000, 0x0000000083600000| Untracked 
|  55|0x0000000083700000, 0x0000000083700000, 0x0000000083800000|  0%| F|  |TAMS 0x0000000083700000, 0x0000000083700000| Untracked 
|  56|0x0000000083800000, 0x0000000083800000, 0x0000000083900000|  0%| F|  |TAMS 0x0000000083800000, 0x0000000083800000| Untracked 
|  57|0x0000000083900000, 0x0000000083900000, 0x0000000083a00000|  0%| F|  |TAMS 0x0000000083900000, 0x0000000083900000| Untracked 
|  58|0x0000000083a00000, 0x0000000083a00000, 0x0000000083b00000|  0%| F|  |TAMS 0x0000000083a00000, 0x0000000083a00000| Untracked 
|  59|0x0000000083b00000, 0x0000000083b00000, 0x0000000083c00000|  0%| F|  |TAMS 0x0000000083b00000, 0x0000000083b00000| Untracked 
|  60|0x0000000083c00000, 0x0000000083c00000, 0x0000000083d00000|  0%| F|  |TAMS 0x0000000083c00000, 0x0000000083c00000| Untracked 
|  61|0x0000000083d00000, 0x0000000083d00000, 0x0000000083e00000|  0%| F|  |TAMS 0x0000000083d00000, 0x0000000083d00000| Untracked 
|  62|0x0000000083e00000, 0x0000000083e00000, 0x0000000083f00000|  0%| F|  |TAMS 0x0000000083e00000, 0x0000000083e00000| Untracked 
|  63|0x0000000083f00000, 0x0000000083f00000, 0x0000000084000000|  0%| F|  |TAMS 0x0000000083f00000, 0x0000000083f00000| Untracked 
|  64|0x0000000084000000, 0x0000000084000000, 0x0000000084100000|  0%| F|  |TAMS 0x0000000084000000, 0x0000000084000000| Untracked 
|  65|0x0000000084100000, 0x0000000084100000, 0x0000000084200000|  0%| F|  |TAMS 0x0000000084100000, 0x0000000084100000| Untracked 
|  66|0x0000000084200000, 0x0000000084200000, 0x0000000084300000|  0%| F|  |TAMS 0x0000000084200000, 0x0000000084200000| Untracked 
|  67|0x0000000084300000, 0x0000000084300000, 0x0000000084400000|  0%| F|  |TAMS 0x0000000084300000, 0x0000000084300000| Untracked 
|  68|0x0000000084400000, 0x0000000084400000, 0x0000000084500000|  0%| F|  |TAMS 0x0000000084400000, 0x0000000084400000| Untracked 
|  69|0x0000000084500000, 0x0000000084500000, 0x0000000084600000|  0%| F|  |TAMS 0x0000000084500000, 0x0000000084500000| Untracked 
|  70|0x0000000084600000, 0x0000000084600000, 0x0000000084700000|  0%| F|  |TAMS 0x0000000084600000, 0x0000000084600000| Untracked 
|  71|0x0000000084700000, 0x0000000084700000, 0x0000000084800000|  0%| F|  |TAMS 0x0000000084700000, 0x0000000084700000| Untracked 
|  72|0x0000000084800000, 0x0000000084800000, 0x0000000084900000|  0%| F|  |TAMS 0x0000000084800000, 0x0000000084800000| Untracked 
|  73|0x0000000084900000, 0x0000000084900000, 0x0000000084a00000|  0%| F|  |TAMS 0x0000000084900000, 0x0000000084900000| Untracked 
|  74|0x0000000084a00000, 0x0000000084a00000, 0x0000000084b00000|  0%| F|  |TAMS 0x0000000084a00000, 0x0000000084a00000| Untracked 
|  75|0x0000000084b00000, 0x0000000084b00000, 0x0000000084c00000|  0%| F|  |TAMS 0x0000000084b00000, 0x0000000084b00000| Untracked 
|  76|0x0000000084c00000, 0x0000000084c00000, 0x0000000084d00000|  0%| F|  |TAMS 0x0000000084c00000, 0x0000000084c00000| Untracked 
|  77|0x0000000084d00000, 0x0000000084d00000, 0x0000000084e00000|  0%| F|  |TAMS 0x0000000084d00000, 0x0000000084d00000| Untracked 
|  78|0x0000000084e00000, 0x0000000084e00000, 0x0000000084f00000|  0%| F|  |TAMS 0x0000000084e00000, 0x0000000084e00000| Untracked 
|  79|0x0000000084f00000, 0x0000000084f00000, 0x0000000085000000|  0%| F|  |TAMS 0x0000000084f00000, 0x0000000084f00000| Untracked 
|  80|0x0000000085000000, 0x0000000085000000, 0x0000000085100000|  0%| F|  |TAMS 0x0000000085000000, 0x0000000085000000| Untracked 
|  81|0x0000000085100000, 0x0000000085100000, 0x0000000085200000|  0%| F|  |TAMS 0x0000000085100000, 0x0000000085100000| Untracked 
|  82|0x0000000085200000, 0x0000000085200000, 0x0000000085300000|  0%| F|  |TAMS 0x0000000085200000, 0x0000000085200000| Untracked 
|  83|0x0000000085300000, 0x0000000085300000, 0x0000000085400000|  0%| F|  |TAMS 0x0000000085300000, 0x0000000085300000| Untracked 
|  84|0x0000000085400000, 0x0000000085400000, 0x0000000085500000|  0%| F|  |TAMS 0x0000000085400000, 0x0000000085400000| Untracked 
|  85|0x0000000085500000, 0x0000000085500000, 0x0000000085600000|  0%| F|  |TAMS 0x0000000085500000, 0x0000000085500000| Untracked 
|  86|0x0000000085600000, 0x0000000085600000, 0x0000000085700000|  0%| F|  |TAMS 0x0000000085600000, 0x0000000085600000| Untracked 
|  87|0x0000000085700000, 0x0000000085700000, 0x0000000085800000|  0%| F|  |TAMS 0x0000000085700000, 0x0000000085700000| Untracked 
|  88|0x0000000085800000, 0x0000000085800000, 0x0000000085900000|  0%| F|  |TAMS 0x0000000085800000, 0x0000000085800000| Untracked 
|  89|0x0000000085900000, 0x0000000085900000, 0x0000000085a00000|  0%| F|  |TAMS 0x0000000085900000, 0x0000000085900000| Untracked 
|  90|0x0000000085a00000, 0x0000000085a00000, 0x0000000085b00000|  0%| F|  |TAMS 0x0000000085a00000, 0x0000000085a00000| Untracked 
|  91|0x0000000085b00000, 0x0000000085b00000, 0x0000000085c00000|  0%| F|  |TAMS 0x0000000085b00000, 0x0000000085b00000| Untracked 
|  92|0x0000000085c00000, 0x0000000085c00000, 0x0000000085d00000|  0%| F|  |TAMS 0x0000000085c00000, 0x0000000085c00000| Untracked 
|  93|0x0000000085d00000, 0x0000000085d00000, 0x0000000085e00000|  0%| F|  |TAMS 0x0000000085d00000, 0x0000000085d00000| Untracked 
|  94|0x0000000085e00000, 0x0000000085e00000, 0x0000000085f00000|  0%| F|  |TAMS 0x0000000085e00000, 0x0000000085e00000| Untracked 
|  95|0x0000000085f00000, 0x0000000085f00000, 0x0000000086000000|  0%| F|  |TAMS 0x0000000085f00000, 0x0000000085f00000| Untracked 
|  96|0x0000000086000000, 0x0000000086000000, 0x0000000086100000|  0%| F|  |TAMS 0x0000000086000000, 0x0000000086000000| Untracked 
|  97|0x0000000086100000, 0x0000000086100000, 0x0000000086200000|  0%| F|  |TAMS 0x0000000086100000, 0x0000000086100000| Untracked 
|  98|0x0000000086200000, 0x0000000086200000, 0x0000000086300000|  0%| F|  |TAMS 0x0000000086200000, 0x0000000086200000| Untracked 
|  99|0x0000000086300000, 0x0000000086300000, 0x0000000086400000|  0%| F|  |TAMS 0x0000000086300000, 0x0000000086300000| Untracked 
| 100|0x0000000086400000, 0x0000000086400000, 0x0000000086500000|  0%| F|  |TAMS 0x0000000086400000, 0x0000000086400000| Untracked 
| 101|0x0000000086500000, 0x0000000086500000, 0x0000000086600000|  0%| F|  |TAMS 0x0000000086500000, 0x0000000086500000| Untracked 
| 102|0x0000000086600000, 0x0000000086600000, 0x0000000086700000|  0%| F|  |TAMS 0x0000000086600000, 0x0000000086600000| Untracked 
| 103|0x0000000086700000, 0x0000000086700000, 0x0000000086800000|  0%| F|  |TAMS 0x0000000086700000, 0x0000000086700000| Untracked 
| 104|0x0000000086800000, 0x0000000086800000, 0x0000000086900000|  0%| F|  |TAMS 0x0000000086800000, 0x0000000086800000| Untracked 
| 105|0x0000000086900000, 0x0000000086900000, 0x0000000086a00000|  0%| F|  |TAMS 0x0000000086900000, 0x0000000086900000| Untracked 
| 106|0x0000000086a00000, 0x0000000086a00000, 0x0000000086b00000|  0%| F|  |TAMS 0x0000000086a00000, 0x0000000086a00000| Untracked 
| 107|0x0000000086b00000, 0x0000000086b00000, 0x0000000086c00000|  0%| F|  |TAMS 0x0000000086b00000, 0x0000000086b00000| Untracked 
| 108|0x0000000086c00000, 0x0000000086c00000, 0x0000000086d00000|  0%| F|  |TAMS 0x0000000086c00000, 0x0000000086c00000| Untracked 
| 109|0x0000000086d00000, 0x0000000086d00000, 0x0000000086e00000|  0%| F|  |TAMS 0x0000000086d00000, 0x0000000086d00000| Untracked 
| 110|0x0000000086e00000, 0x0000000086e00000, 0x0000000086f00000|  0%| F|  |TAMS 0x0000000086e00000, 0x0000000086e00000| Untracked 
| 111|0x0000000086f00000, 0x0000000086f00000, 0x0000000087000000|  0%| F|  |TAMS 0x0000000086f00000, 0x0000000086f00000| Untracked 
| 112|0x0000000087000000, 0x0000000087000000, 0x0000000087100000|  0%| F|  |TAMS 0x0000000087000000, 0x0000000087000000| Untracked 
| 113|0x0000000087100000, 0x0000000087100000, 0x0000000087200000|  0%| F|  |TAMS 0x0000000087100000, 0x0000000087100000| Untracked 
| 114|0x0000000087200000, 0x0000000087200000, 0x0000000087300000|  0%| F|  |TAMS 0x0000000087200000, 0x0000000087200000| Untracked 
| 115|0x0000000087300000, 0x0000000087300000, 0x0000000087400000|  0%| F|  |TAMS 0x0000000087300000, 0x0000000087300000| Untracked 
| 116|0x0000000087400000, 0x0000000087400000, 0x0000000087500000|  0%| F|  |TAMS 0x0000000087400000, 0x0000000087400000| Untracked 
| 117|0x0000000087500000, 0x0000000087500000, 0x0000000087600000|  0%| F|  |TAMS 0x0000000087500000, 0x0000000087500000| Untracked 
| 118|0x0000000087600000, 0x0000000087600000, 0x0000000087700000|  0%| F|  |TAMS 0x0000000087600000, 0x0000000087600000| Untracked 
| 119|0x0000000087700000, 0x0000000087700000, 0x0000000087800000|  0%| F|  |TAMS 0x0000000087700000, 0x0000000087700000| Untracked 
| 120|0x0000000087800000, 0x0000000087800000, 0x0000000087900000|  0%| F|  |TAMS 0x0000000087800000, 0x0000000087800000| Untracked 
| 121|0x0000000087900000, 0x0000000087900000, 0x0000000087a00000|  0%| F|  |TAMS 0x0000000087900000, 0x0000000087900000| Untracked 
| 122|0x0000000087a00000, 0x0000000087a00000, 0x0000000087b00000|  0%| F|  |TAMS 0x0000000087a00000, 0x0000000087a00000| Untracked 
| 123|0x0000000087b00000, 0x0000000087b00000, 0x0000000087c00000|  0%| F|  |TAMS 0x0000000087b00000, 0x0000000087b00000| Untracked 
| 124|0x0000000087c00000, 0x0000000087ca1890, 0x0000000087d00000| 63%| E|  |TAMS 0x0000000087c00000, 0x0000000087c00000| Complete 
| 125|0x0000000087d00000, 0x0000000087e00000, 0x0000000087e00000|100%| E|CS|TAMS 0x0000000087d00000, 0x0000000087d00000| Complete 
| 126|0x0000000087e00000, 0x0000000087f00000, 0x0000000087f00000|100%| E|  |TAMS 0x0000000087e00000, 0x0000000087e00000| Complete 
| 127|0x0000000087f00000, 0x0000000088000000, 0x0000000088000000|100%| E|CS|TAMS 0x0000000087f00000, 0x0000000087f00000| Complete 

Card table byte_map: [0x000001e45a8a0000,0x000001e45aca0000] _byte_map_base: 0x000001e45a4a0000

Marking Bits (Prev, Next): (CMBitMap*) 0x000001e454233d40, (CMBitMap*) 0x000001e454233d80
 Prev Bits: [0x000001e45b0a0000, 0x000001e45d0a0000)
 Next Bits: [0x000001e45d0a0000, 0x000001e45f0a0000)

Polling page: 0x000001e4520c0000

Metaspace:

Usage:
  Non-class:      5.61 MB used.
      Class:    540.53 KB used.
       Both:      6.14 MB used.

Virtual space:
  Non-class space:        8.00 MB reserved,       5.69 MB ( 71%) committed,  1 nodes.
      Class space:        1.00 GB reserved,     576.00 KB ( <1%) committed,  1 nodes.
             Both:        1.01 GB reserved,       6.25 MB ( <1%) committed. 

Chunk freelists:
   Non-Class:  2.25 MB
       Class:  3.25 MB
        Both:  5.50 MB

MaxMetaspaceSize: unlimited
CompressedClassSpaceSize: 1.00 GB
Initial GC threshold: 21.00 MB
Current GC threshold: 21.00 MB
CDS: off
MetaspaceReclaimPolicy: balanced
 - commit_granule_bytes: 65536.
 - commit_granule_words: 8192.
 - virtual_space_node_default_size: 1048576.
 - enlarge_chunks_in_place: 1.
 - new_chunks_are_fully_committed: 0.
 - uncommit_free_chunks: 1.
 - use_allocation_guard: 0.
 - handle_deallocations: 1.


Internal statistics:

num_allocs_failed_limit: 0.
num_arena_births: 4.
num_arena_deaths: 0.
num_vsnodes_births: 2.
num_vsnodes_deaths: 0.
num_space_committed: 100.
num_space_uncommitted: 0.
num_chunks_returned_to_freelist: 0.
num_chunks_taken_from_freelist: 16.
num_chunk_merges: 0.
num_chunk_splits: 4.
num_chunks_enlarged: 1.
num_purges: 0.
num_inconsistent_stats: 0.

CodeCache: size=49152Kb used=1901Kb max_used=1901Kb free=47250Kb
 bounds [0x000001e4578a0000, 0x000001e457b10000, 0x000001e45a8a0000]
 total_blobs=587 nmethods=229 adapters=285
 compilation: enabled
              stopped_count=0, restarted_count=0
 full_count=0

Compilation events (20 events):
Event: 0.340 Thread 0x000001e461df65f0  222       1       java.util.jar.Manifest$FastInputStream::peek (38 bytes)
Event: 0.340 Thread 0x000001e4613b53b0  221       1       java.util.jar.Manifest$FastInputStream::readLine (9 bytes)
Event: 0.341 Thread 0x000001e4613b53b0 nmethod 221 0x000001e457a78410 code [0x000001e457a785a0, 0x000001e457a78688]
Event: 0.341 Thread 0x000001e461df65f0 nmethod 222 0x000001e457a78790 code [0x000001e457a78940, 0x000001e457a78aa8]
Event: 0.341 Thread 0x000001e461df65f0  223       1       java.lang.String::checkBoundsOffCount (64 bytes)
Event: 0.341 Thread 0x000001e461df65f0 nmethod 223 0x000001e457a78b90 code [0x000001e457a78da0, 0x000001e457a791b8]
Event: 0.342 Thread 0x000001e461df65f0  224       1       java.util.Objects::checkFromIndexSize (8 bytes)
Event: 0.342 Thread 0x000001e4613b53b0  225       1       jdk.internal.util.Preconditions::checkFromIndexSize (25 bytes)
Event: 0.342 Thread 0x000001e461df65f0 nmethod 224 0x000001e457a79410 code [0x000001e457a795a0, 0x000001e457a796a8]
Event: 0.342 Thread 0x000001e4613b53b0 nmethod 225 0x000001e457a79790 code [0x000001e457a79960, 0x000001e457a79db8]
Event: 0.343 Thread 0x000001e4613b53b0  226  s    1       java.io.ByteArrayOutputStream::write (43 bytes)
Event: 0.343 Thread 0x000001e461df65f0  227       1       java.io.ByteArrayOutputStream::ensureCapacity (32 bytes)
Event: 0.343 Thread 0x000001e461df65f0 nmethod 227 0x000001e457a79f90 code [0x000001e457a7a140, 0x000001e457a7a418]
Event: 0.343 Thread 0x000001e461df65f0  228       1       java.util.jar.Attributes$Name::hashCode (5 bytes)
Event: 0.343 Thread 0x000001e4613b53b0 nmethod 226 0x000001e457a7a510 code [0x000001e457a7a6e0, 0x000001e457a7abd8]
Event: 0.343 Thread 0x000001e461df65f0 nmethod 228 0x000001e457a7ae10 code [0x000001e457a7afa0, 0x000001e457a7b078]
Event: 0.343 Thread 0x000001e461df65f0  229       1       java.lang.String::<init> (830 bytes)
Event: 0.343 Thread 0x000001e4613b53b0  230       1       java.lang.AbstractStringBuilder::newCapacity (59 bytes)
Event: 0.344 Thread 0x000001e4613b53b0 nmethod 230 0x000001e457a7b110 code [0x000001e457a7b2c0, 0x000001e457a7b498]
Event: 0.344 Thread 0x000001e4613b53b0  231       1       java.io.WinNTFileSystem::normalize (143 bytes)

GC Heap History (0 events):
No events

Deoptimization events (0 events):
No events

Classes unloaded (0 events):
No events

Classes redefined (0 events):
No events

Internal exceptions (0 events):
No events

VM Operations (2 events):
Event: 0.263 Executing VM operation: HandshakeAllThreads
Event: 0.263 Executing VM operation: HandshakeAllThreads done

Events (20 events):
Event: 0.332 loading class java/util/SortedMap
Event: 0.332 loading class java/util/SortedMap done
Event: 0.332 loading class java/util/NavigableMap done
Event: 0.332 loading class java/util/TreeMap done
Event: 0.333 loading class java/util/TreeMap$Entry
Event: 0.333 loading class java/util/TreeMap$Entry done
Event: 0.333 loading class java/util/TreeMap$KeySet
Event: 0.333 loading class java/util/TreeMap$KeySet done
Event: 0.333 loading class java/util/TreeMap$KeyIterator
Event: 0.333 loading class java/util/TreeMap$PrivateEntryIterator
Event: 0.333 loading class java/util/TreeMap$PrivateEntryIterator done
Event: 0.333 loading class java/util/TreeMap$KeyIterator done
Event: 0.333 loading class java/util/jar/Attributes
Event: 0.334 loading class java/util/jar/Attributes done
Event: 0.334 loading class java/util/jar/Manifest$FastInputStream
Event: 0.334 loading class java/util/jar/Manifest$FastInputStream done
Event: 0.334 loading class java/io/ByteArrayOutputStream
Event: 0.334 loading class java/io/ByteArrayOutputStream done
Event: 0.334 loading class java/util/jar/Attributes$Name
Event: 0.334 loading class java/util/jar/Attributes$Name done


Dynamic libraries:
0x00007ff665c50000 - 0x00007ff665c5e000 	C:\Users\sfjbs\Downloads\node-20220822T135523Z-001\node\sts-4.15.3.RELEASE\plugins\org.eclipse.justj.openjdk.hotspot.jre.full.win32.x86_64_17.0.4.v20220805-1047\jre\bin\javaw.exe
0x00007ff9335f0000 - 0x00007ff9337e8000 	C:\Windows\SYSTEM32\ntdll.dll
0x00007ff932060000 - 0x00007ff93211d000 	C:\Windows\System32\KERNEL32.DLL
0x00007ff931310000 - 0x00007ff9315de000 	C:\Windows\System32\KERNELBASE.dll
0x00007ff930fa0000 - 0x00007ff9310a0000 	C:\Windows\System32\ucrtbase.dll
0x00007ff92b310000 - 0x00007ff92b328000 	C:\Users\sfjbs\Downloads\node-20220822T135523Z-001\node\sts-4.15.3.RELEASE\plugins\org.eclipse.justj.openjdk.hotspot.jre.full.win32.x86_64_17.0.4.v20220805-1047\jre\bin\jli.dll
0x00007ff932bb0000 - 0x00007ff932d50000 	C:\Windows\System32\USER32.dll
0x00007ff9310a0000 - 0x00007ff9310c2000 	C:\Windows\System32\win32u.dll
0x00007ff933580000 - 0x00007ff9335aa000 	C:\Windows\System32\GDI32.dll
0x00007ff931200000 - 0x00007ff93130b000 	C:\Windows\System32\gdi32full.dll
0x00007ff931160000 - 0x00007ff9311fd000 	C:\Windows\System32\msvcp_win.dll
0x00007ff92b2f0000 - 0x00007ff92b309000 	C:\Users\sfjbs\Downloads\node-20220822T135523Z-001\node\sts-4.15.3.RELEASE\plugins\org.eclipse.justj.openjdk.hotspot.jre.full.win32.x86_64_17.0.4.v20220805-1047\jre\bin\VCRUNTIME140.dll
0x00007ff912440000 - 0x00007ff9126da000 	C:\Windows\WinSxS\amd64_microsoft.windows.common-controls_6595b64144ccf1df_6.0.19041.1110_none_60b5254171f9507e\COMCTL32.dll
0x00007ff9319f0000 - 0x00007ff931a8e000 	C:\Windows\System32\msvcrt.dll
0x00007ff932ae0000 - 0x00007ff932b10000 	C:\Windows\System32\IMM32.DLL
0x00007ff92b220000 - 0x00007ff92b22c000 	C:\Users\sfjbs\Downloads\node-20220822T135523Z-001\node\sts-4.15.3.RELEASE\plugins\org.eclipse.justj.openjdk.hotspot.jre.full.win32.x86_64_17.0.4.v20220805-1047\jre\bin\vcruntime140_1.dll
0x00007ff903ff0000 - 0x00007ff904081000 	C:\Users\sfjbs\Downloads\node-20220822T135523Z-001\node\sts-4.15.3.RELEASE\plugins\org.eclipse.justj.openjdk.hotspot.jre.full.win32.x86_64_17.0.4.v20220805-1047\jre\bin\msvcp140.dll
0x00007ff8e56e0000 - 0x00007ff8e6326000 	C:\Users\sfjbs\Downloads\node-20220822T135523Z-001\node\sts-4.15.3.RELEASE\plugins\org.eclipse.justj.openjdk.hotspot.jre.full.win32.x86_64_17.0.4.v20220805-1047\jre\bin\server\jvm.dll
0x00007ff931650000 - 0x00007ff9316fe000 	C:\Windows\System32\ADVAPI32.dll
0x00007ff932b10000 - 0x00007ff932bac000 	C:\Windows\System32\sechost.dll
0x00007ff931bf0000 - 0x00007ff931d15000 	C:\Windows\System32\RPCRT4.dll
0x00007ff931b30000 - 0x00007ff931b38000 	C:\Windows\System32\PSAPI.DLL
0x00007ff924fe0000 - 0x00007ff924fe9000 	C:\Windows\SYSTEM32\WSOCK32.dll
0x00007ff931d20000 - 0x00007ff931d8b000 	C:\Windows\System32\WS2_32.dll
0x00007ff923a60000 - 0x00007ff923a87000 	C:\Windows\SYSTEM32\WINMM.dll
0x00007ff928d70000 - 0x00007ff928d7a000 	C:\Windows\SYSTEM32\VERSION.dll
0x00007ff92ebe0000 - 0x00007ff92ebf2000 	C:\Windows\SYSTEM32\kernel.appcore.dll
0x00007ff925ba0000 - 0x00007ff925baa000 	C:\Users\sfjbs\Downloads\node-20220822T135523Z-001\node\sts-4.15.3.RELEASE\plugins\org.eclipse.justj.openjdk.hotspot.jre.full.win32.x86_64_17.0.4.v20220805-1047\jre\bin\jimage.dll
0x00007ff926780000 - 0x00007ff926964000 	C:\Windows\SYSTEM32\DBGHELP.DLL
0x00007ff926750000 - 0x00007ff92677c000 	C:\Windows\SYSTEM32\dbgcore.DLL
0x00007ff9310d0000 - 0x00007ff931152000 	C:\Windows\System32\bcryptPrimitives.dll
0x00007ff91adb0000 - 0x00007ff91add5000 	C:\Users\sfjbs\Downloads\node-20220822T135523Z-001\node\sts-4.15.3.RELEASE\plugins\org.eclipse.justj.openjdk.hotspot.jre.full.win32.x86_64_17.0.4.v20220805-1047\jre\bin\java.dll
0x00007ff91ad40000 - 0x00007ff91ad58000 	C:\Users\sfjbs\Downloads\node-20220822T135523Z-001\node\sts-4.15.3.RELEASE\plugins\org.eclipse.justj.openjdk.hotspot.jre.full.win32.x86_64_17.0.4.v20220805-1047\jre\bin\zip.dll
0x00007ff932380000 - 0x00007ff932ac3000 	C:\Windows\System32\SHELL32.dll
0x00007ff92ede0000 - 0x00007ff92f575000 	C:\Windows\SYSTEM32\windows.storage.dll
0x00007ff932db0000 - 0x00007ff933104000 	C:\Windows\System32\combase.dll
0x00007ff9305c0000 - 0x00007ff9305f0000 	C:\Windows\SYSTEM32\Wldp.dll
0x00007ff931b40000 - 0x00007ff931bed000 	C:\Windows\System32\SHCORE.dll
0x00007ff931800000 - 0x00007ff931855000 	C:\Windows\System32\shlwapi.dll
0x00007ff930c50000 - 0x00007ff930c6f000 	C:\Windows\SYSTEM32\profapi.dll
0x00007ff91ab60000 - 0x00007ff91ab79000 	C:\Users\sfjbs\Downloads\node-20220822T135523Z-001\node\sts-4.15.3.RELEASE\plugins\org.eclipse.justj.openjdk.hotspot.jre.full.win32.x86_64_17.0.4.v20220805-1047\jre\bin\net.dll
0x00007ff92ab90000 - 0x00007ff92ac9a000 	C:\Windows\SYSTEM32\WINHTTP.dll
0x00007ff9303a0000 - 0x00007ff93040a000 	C:\Windows\system32\mswsock.dll
0x00007ff91aa90000 - 0x00007ff91aaa5000 	C:\Users\sfjbs\Downloads\node-20220822T135523Z-001\node\sts-4.15.3.RELEASE\plugins\org.eclipse.justj.openjdk.hotspot.jre.full.win32.x86_64_17.0.4.v20220805-1047\jre\bin\nio.dll

dbghelp: loaded successfully - version: 4.0.5 - missing functions: none
symbol engine: initialized successfully - sym options: 0x614 - pdb path: .;C:\Users\sfjbs\Downloads\node-20220822T135523Z-001\node\sts-4.15.3.RELEASE\plugins\org.eclipse.justj.openjdk.hotspot.jre.full.win32.x86_64_17.0.4.v20220805-1047\jre\bin;C:\Windows\SYSTEM32;C:\Windows\WinSxS\amd64_microsoft.windows.common-controls_6595b64144ccf1df_6.0.19041.1110_none_60b5254171f9507e;C:\Users\sfjbs\Downloads\node-20220822T135523Z-001\node\sts-4.15.3.RELEASE\plugins\org.eclipse.justj.openjdk.hotspot.jre.full.win32.x86_64_17.0.4.v20220805-1047\jre\bin\server

VM Arguments:
jvm_args: -Dcom.sun.management.jmxremote -Dcom.sun.management.jmxremote.port=57528 -Dcom.sun.management.jmxremote.authenticate=false -Dcom.sun.management.jmxremote.ssl=false -Djava.rmi.server.hostname=localhost -Dspring.jmx.enabled=true -Dspring.application.admin.enabled=true -XX:TieredStopAtLevel=1 -Dspring.boot.project.name=kafka-publisher -Dfile.encoding=UTF-8 -XX:+ShowCodeDetailsInExceptionMessages 
java_command: com.publish.KafkaPublisherApplication --spring.output.ansi.enabled=always
java_class_path (initial): C:\Users\sfjbs\Documents\Main Training\kafka-publisher\target\classes;C:\Users\sfjbs\.m2\repository\org\springframework\boot\spring-boot-starter-web\2.7.4\spring-boot-starter-web-2.7.4.jar;C:\Users\sfjbs\.m2\repository\org\springframework\boot\spring-boot-starter\2.7.4\spring-boot-starter-2.7.4.jar;C:\Users\sfjbs\.m2\repository\org\springframework\boot\spring-boot-starter-logging\2.7.4\spring-boot-starter-logging-2.7.4.jar;C:\Users\sfjbs\.m2\repository\ch\qos\logback\logback-classic\1.2.11\logback-classic-1.2.11.jar;C:\Users\sfjbs\.m2\repository\ch\qos\logback\logback-core\1.2.11\logback-core-1.2.11.jar;C:\Users\sfjbs\.m2\repository\org\apache\logging\log4j\log4j-to-slf4j\2.17.2\log4j-to-slf4j-2.17.2.jar;C:\Users\sfjbs\.m2\repository\org\apache\logging\log4j\log4j-api\2.17.2\log4j-api-2.17.2.jar;C:\Users\sfjbs\.m2\repository\org\slf4j\jul-to-slf4j\1.7.36\jul-to-slf4j-1.7.36.jar;C:\Users\sfjbs\.m2\repository\jakarta\annotation\jakarta.annotation-api\1.3.5\jakarta.annotation-api-1.3.5.jar;C:\Users\sfjbs\.m2\repository\org\yaml\snakeyaml\1.30\snakeyaml-1.30.jar;C:\Users\sfjbs\.m2\repository\org\springframework\boot\spring-boot-starter-json\2.7.4\spring-boot-starter-json-2.7.4.jar;C:\Users\sfjbs\.m2\repository\com\fasterxml\jackson\core\jackson-databind\2.13.4\jackson-databind-2.13.4.jar;C:\Users\sfjbs\.m2\repository\com\fasterxml\jackson\core\jackson-annotations\2.13.4\jackson-annotations-2.13.4.jar;C:\Users\sfjbs\.m2\repository\com\fasterxml\jackson\core\jackson-core\2.13.4\jackson-core-2.13.4.jar;C:\Users\sfjbs\.m2\repository\com\fasterxml\jackson\datatype\jackson-datatype-jdk8\2.13.4\jackson-datatype-jdk8-2.13.4.jar;C:\Users\sfjbs\.m2\repository\com\fasterxml\jackson\datatype\jackson-datatype-jsr310\2.13.4\jackson-datatype-jsr310-2.13.4.jar;C:\Users\sfjbs\.m2\repository\com\fasterxml\jackson\module\jackson-module-parameter-names\2.13.4\jackson-module-parameter-names-2.13.4.jar;C:\Users\sfjbs\.m2\repository\org\springframework\boot\spring
Launcher Type: SUN_STANDARD

[Global flags]
     intx CICompilerCount                          = 2                                         {product} {ergonomic}
     uint ConcGCThreads                            = 1                                         {product} {ergonomic}
     uint G1ConcRefinementThreads                  = 2                                         {product} {ergonomic}
   size_t G1HeapRegionSize                         = 1048576                                   {product} {ergonomic}
    uintx GCDrainStackTargetSize                   = 64                                        {product} {ergonomic}
   size_t InitialHeapSize                          = 134217728                                 {product} {ergonomic}
     bool ManagementServer                         = true                                      {product} {command line}
   size_t MarkStackSize                            = 4194304                                   {product} {ergonomic}
   size_t MaxHeapSize                              = 2147483648                                {product} {ergonomic}
   size_t MaxNewSize                               = 1287651328                                {product} {ergonomic}
   size_t MinHeapDeltaBytes                        = 1048576                                   {product} {ergonomic}
   size_t MinHeapSize                              = 8388608                                   {product} {ergonomic}
    uintx NonProfiledCodeHeapSize                  = 0                                      {pd product} {ergonomic}
     bool ProfileInterpreter                       = false                                  {pd product} {command line}
    uintx ProfiledCodeHeapSize                     = 0                                      {pd product} {ergonomic}
     bool ShowCodeDetailsInExceptionMessages       = true                                   {manageable} {command line}
   size_t SoftMaxHeapSize                          = 2147483648                             {manageable} {ergonomic}
     intx TieredStopAtLevel                        = 1                                         {product} {command line}
     bool UseCompressedClassPointers               = true                           {product lp64_product} {ergonomic}
     bool UseCompressedOops                        = true                           {product lp64_product} {ergonomic}
     bool UseG1GC                                  = true                                      {product} {ergonomic}
     bool UseLargePagesIndividualAllocation        = false                                  {pd product} {ergonomic}

Logging:
Log output configuration:
 #0: stdout all=warning uptime,level,tags
 #1: stderr all=off uptime,level,tags

Environment Variables:
PATH=C:/Users/sfjbs/Downloads/node-20220822T135523Z-001/node/sts-4.15.3.RELEASE//plugins/org.eclipse.justj.openjdk.hotspot.jre.full.win32.x86_64_17.0.4.v20220805-1047/jre/bin/server;C:/Users/sfjbs/Downloads/node-20220822T135523Z-001/node/sts-4.15.3.RELEASE//plugins/org.eclipse.justj.openjdk.hotspot.jre.full.win32.x86_64_17.0.4.v20220805-1047/jre/bin;C:\Program Files\Common Files\Oracle\Java\javapath;C:\Python310\Scripts\;C:\Python310\;C:\Windows\system32;C:\Windows;C:\Windows\System32\Wbem;C:\Windows\System32\WindowsPowerShell\v1.0\;C:\Windows\System32\OpenSSH\;C:\Program Files\nodejs\;C:\ProgramData\chocolatey\bin;C:\Program Files\Docker\Docker\resources\bin;C:\ProgramData\DockerDesktop\version-bin;C:\Program Files\Git\cmd;C:\Users\sfjbs\AppData\Local\Microsoft\WindowsApps;C:\Users\sfjbs\AppData\Roaming\npm;C:\Users\sfjbs\AppData\Local\Programs\Microsoft VS Code\bin;C:\Program Files\MongoDB\Server\5.0\bin;C:\Program Files\Common Files\Oracle\Java\javapath;;C:\Users\sfjbs\Downloads\node-20220822T135523Z-001\node\sts-4.15.3.RELEASE;
USERNAME=sfjbs
OS=Windows_NT
PROCESSOR_IDENTIFIER=Intel64 Family 6 Model 85 Stepping 7, GenuineIntel
TMP=C:\Users\sfjbs\AppData\Local\Temp
TEMP=C:\Users\sfjbs\AppData\Local\Temp



---------------  S Y S T E M  ---------------

OS:
 Windows 10 , 64 bit Build 19041 (10.0.19041.1889)
OS uptime: 14 days 7:10 hours
Hyper-V role detected

CPU: total 2 (initial active 2) (1 cores per cpu, 2 threads per core) family 6 model 85 stepping 7 microcode 0xffffffff, cx8, cmov, fxsr, ht, mmx, 3dnowpref, sse, sse2, sse3, ssse3, sse4.1, sse4.2, popcnt, lzcnt, tsc, avx, avx2, aes, erms, clmul, bmi1, bmi2, rtm, adx, avx512f, avx512dq, avx512cd, avx512bw, avx512vl, fma, vzeroupper, clflush, clflushopt, hv

Memory: 4k page, system-wide physical 8190M (1919M free)
TotalPageFile size 10238M (AvailPageFile size 3M)
current process WorkingSet (physical memory assigned to process): 35M, peak: 35M
current process commit charge ("private bytes"): 189M, peak: 189M

vm_info: OpenJDK 64-Bit Server VM (17.0.4+8) for windows-amd64 JRE (17.0.4+8), built on Jul 19 2022 16:05:16 by "temurin" with MS VC++ 16.7 (VS2019)

END.
